Build started 6/20/2022 2:17:55 PM.
     1>Project "C:\SCS\Checking Cube\Checking Cube\Checking Cube.vcxproj" on node 2 (Build target(s)).
     1>Link:
         C:\Program Files (x86)\Microsoft Visual Studio 11.0\VC\bin\link.exe /ERRORREPORT:PROMPT /OUT:"C:\SCS\Checking Cube\Debug\Checking Cube.exe" /INCREMENTAL /NOLOGO kernel32.lib user32.lib gdi32.lib winspool.lib comdlg32.lib advapi32.lib shell32.lib ole32.lib oleaut32.lib uuid.lib odbc32.lib odbccp32.lib /MANIFEST /MANIFESTUAC:"level='asInvoker' uiAccess='false'" /manifest:embed /DEBUG /PDB:"C:\SCS\Checking Cube\Debug\Checking Cube.pdb" /TLBID:1 /DYNAMICBASE /NXCOMPAT /IMPLIB:"C:\SCS\Checking Cube\Debug\Checking Cube.lib" /MACHINE:X86 Debug\Checkingcube.obj
     1>LINK : fatal error LNK1168: cannot open C:\SCS\Checking Cube\Debug\Checking Cube.exe for writing
     1>Done Building Project "C:\SCS\Checking Cube\Checking Cube\Checking Cube.vcxproj" (Build target(s)) -- FAILED.

Build FAILED.

Time Elapsed 00:00:00.79
